[     121ms] [LOG] [Fast Refresh] rebuilding @ webpack-internal:///(app-pages-browser)/./node_modules/next/dist/next-devtools/shared/forward-logs-shared.js:27
[     938ms] [WARNING] [Fast Refresh] performing full reload

Fast Refresh will perform a full reload when you edit a file that's imported by modules outside of the React rendering tree.
You might have a file which exports a React component but also exports a value that is imported by a non-React component file.
Consider migrating the non-React component export to a separate file and importing it into both files.

It is also possible the parent component of the component you edited is a class component, which disables Fast Refresh.
Fast Refresh requires at least one parent function component in your React tree. @ webpack-internal:///(app-pages-browser)/./node_modules/next/dist/next-devtools/shared/forward-logs-shared.js:27
[    1261ms] [INFO] %cDownload the React DevTools for a better development experience: https://react.dev/link/react-devtools font-weight:bold @ webpack-internal:///(app-pages-browser)/./node_modules/next/dist/next-devtools/shared/forward-logs-shared.js:27
[    1313ms] [LOG] [HMR] connected @ webpack-internal:///(app-pages-browser)/./node_modules/next/dist/next-devtools/shared/forward-logs-shared.js:27
[    1401ms] [LOG] [Fast Refresh] rebuilding @ webpack-internal:///(app-pages-browser)/./node_modules/next/dist/next-devtools/shared/forward-logs-shared.js:27
[    1705ms] [ERROR] Failed to load resource: the server responded with a status of 401 (Unauthorized) @ http://localhost:5555/api/auth/me:0
[    1712ms] [LOG] [Fast Refresh] done in 311ms @ webpack-internal:///(app-pages-browser)/./node_modules/next/dist/next-devtools/shared/forward-logs-shared.js:27
[    4758ms] [WARNING] The resource http://localhost:5555/_next/static/media/d9396795aa5ec363-s.p.woff2?v=1778691196046 was preloaded using link preload but not used within a few seconds from the window's load event. Please make sure it has an appropriate `as` value and it is preloaded intentionally. @ http://localhost:5555/admin:0
[   45693ms] [ERROR] WebSocket connection to 'ws://localhost:5555/_next/webpack-hmr?id=h0qvKX0XLiv5C5Uy9UnUR' failed: Error in connection establishment: net::ERR_CONNECTION_REFUSED @ webpack-internal:///(app-pages-browser)/./node_modules/next/dist/client/dev/hot-reloader/app/web-socket.js:59
[   46694ms] [ERROR] WebSocket connection to 'ws://localhost:5555/_next/webpack-hmr?id=h0qvKX0XLiv5C5Uy9UnUR' failed: Error in connection establishment: net::ERR_CONNECTION_REFUSED @ webpack-internal:///(app-pages-browser)/./node_modules/next/dist/client/dev/hot-reloader/app/web-socket.js:59
[   47696ms] [ERROR] WebSocket connection to 'ws://localhost:5555/_next/webpack-hmr?id=h0qvKX0XLiv5C5Uy9UnUR' failed: Error in connection establishment: net::ERR_CONNECTION_REFUSED @ webpack-internal:///(app-pages-browser)/./node_modules/next/dist/client/dev/hot-reloader/app/web-socket.js:59
[   48698ms] [ERROR] WebSocket connection to 'ws://localhost:5555/_next/webpack-hmr?id=h0qvKX0XLiv5C5Uy9UnUR' failed: Error in connection establishment: net::ERR_CONNECTION_REFUSED @ webpack-internal:///(app-pages-browser)/./node_modules/next/dist/client/dev/hot-reloader/app/web-socket.js:59
[   49700ms] [ERROR] WebSocket connection to 'ws://localhost:5555/_next/webpack-hmr?id=h0qvKX0XLiv5C5Uy9UnUR' failed: Error in connection establishment: net::ERR_CONNECTION_REFUSED @ webpack-internal:///(app-pages-browser)/./node_modules/next/dist/client/dev/hot-reloader/app/web-socket.js:59
[   54702ms] [ERROR] WebSocket connection to 'ws://localhost:5555/_next/webpack-hmr?id=h0qvKX0XLiv5C5Uy9UnUR' failed: Error in connection establishment: net::ERR_CONNECTION_REFUSED @ webpack-internal:///(app-pages-browser)/./node_modules/next/dist/client/dev/hot-reloader/app/web-socket.js:59
[   59705ms] [ERROR] WebSocket connection to 'ws://localhost:5555/_next/webpack-hmr?id=h0qvKX0XLiv5C5Uy9UnUR' failed: Error in connection establishment: net::ERR_CONNECTION_REFUSED @ webpack-internal:///(app-pages-browser)/./node_modules/next/dist/client/dev/hot-reloader/app/web-socket.js:59
[   64708ms] [ERROR] WebSocket connection to 'ws://localhost:5555/_next/webpack-hmr?id=h0qvKX0XLiv5C5Uy9UnUR' failed: Error in connection establishment: net::ERR_CONNECTION_REFUSED @ webpack-internal:///(app-pages-browser)/./node_modules/next/dist/client/dev/hot-reloader/app/web-socket.js:59
[   69710ms] [ERROR] WebSocket connection to 'ws://localhost:5555/_next/webpack-hmr?id=h0qvKX0XLiv5C5Uy9UnUR' failed: Error in connection establishment: net::ERR_CONNECTION_REFUSED @ webpack-internal:///(app-pages-browser)/./node_modules/next/dist/client/dev/hot-reloader/app/web-socket.js:59
[   74714ms] [ERROR] WebSocket connection to 'ws://localhost:5555/_next/webpack-hmr?id=h0qvKX0XLiv5C5Uy9UnUR' failed: Error in connection establishment: net::ERR_CONNECTION_REFUSED @ webpack-internal:///(app-pages-browser)/./node_modules/next/dist/client/dev/hot-reloader/app/web-socket.js:59
[   79718ms] [ERROR] WebSocket connection to 'ws://localhost:5555/_next/webpack-hmr?id=h0qvKX0XLiv5C5Uy9UnUR' failed: Error in connection establishment: net::ERR_CONNECTION_REFUSED @ webpack-internal:///(app-pages-browser)/./node_modules/next/dist/client/dev/hot-reloader/app/web-socket.js:59
[   84723ms] [ERROR] WebSocket connection to 'ws://localhost:5555/_next/webpack-hmr?id=h0qvKX0XLiv5C5Uy9UnUR' failed: Error in connection establishment: net::ERR_CONNECTION_REFUSED @ webpack-internal:///(app-pages-browser)/./node_modules/next/dist/client/dev/hot-reloader/app/web-socket.js:59
